<?xml version="1.0" encoding="UTF-8"?>
<testng-results ignored="0" total="1" passed="1" failed="0" skipped="0">
  <reporter-output>
  </reporter-output>
  <suite started-at="2022-06-08T18:35:59 IST" name="Test Suite" finished-at="2022-06-08T18:35:59 IST" duration-ms="72">
    <groups>
    </groups>
    <test started-at="2022-06-08T18:35:59 IST" name="Test Cases" finished-at="2022-06-08T18:35:59 IST" duration-ms="72">
      <class name="TestNG.SampleTestCase">
        <test-method signature="firstTestCase()[pri:0, instance:TestNG.SampleTestCase@776b83cc]" started-at="2022-06-08T18:35:59 IST" name="firstTestCase" finished-at="2022-06-08T18:35:59 IST" duration-ms="15" status="PASS">
          <reporter-output>
          </reporter-output>
        </test-method> <!-- firstTestCase -->
      </class> <!-- TestNG.SampleTestCase -->
    </test> <!-- Test Cases -->
  </suite> <!-- Test Suite -->
</testng-results>
